#
# There is insufficient memory for the Java Runtime Environment to continue.
# Native memory allocation (mmap) failed to map 65536 bytes for Failed to commit metaspace.
# Possible reasons:
#   The system is out of physical RAM or swap space
#   The process is running with CompressedOops enabled, and the Java Heap may be blocking the growth of the native heap
# Possible solutions:
#   Reduce memory load on the system
#   Increase physical memory or swap space
#   Check if swap backing store is full
#   Decrease Java heap size (-Xmx/-Xms)
#   Decrease number of Java threads
#   Decrease Java thread stack sizes (-Xss)
#   Set larger code cache with -XX:ReservedCodeCacheSize=
#   JVM is running with Unscaled Compressed Oops mode in which the Java heap is
#     placed in the first 4GB address space. The Java Heap base address is the
#     maximum limit for the native heap growth. Please use -XX:HeapBaseMinAddress
#     to set the Java Heap base and to place the Java Heap above 4GB virtual address.
# This output file may be truncated or incomplete.
#
#  Out of Memory Error (virtualSpaceNode.cpp:110), pid=24332, tid=9252
#
# JRE version: Java(TM) SE Runtime Environment (17.0.7+8) (build 17.0.7+8-LTS-224)
# Java VM: Java HotSpot(TM) 64-Bit Server VM (17.0.7+8-LTS-224, mixed mode, emulated-client, sharing, tiered, compressed oops, compressed class ptrs, g1 gc, windows-amd64)
# No core dump will be written. Minidumps are not enabled by default on client versions of Windows
#

---------------  S U M M A R Y ------------

Command Line: -XX:TieredStopAtLevel=1 -Dspring.output.ansi.enabled=always -Dcom.sun.management.jmxremote -Dspring.jmx.enabled=true -Dspring.liveBeansView.mbeanDomain -Dspring.application.admin.enabled=true -javaagent:C:\Program Files\JetBrains\IntelliJ IDEA 2022.2.2\lib\idea_rt.jar=35005:C:\Program Files\JetBrains\IntelliJ IDEA 2022.2.2\bin -Dfile.encoding=UTF-8 com.example.demo.SemicalorieApplication

Host: Intel(R) Core(TM) i5-8265U CPU @ 1.60GHz, 8 cores, 7G,  Windows 11 , 64 bit Build 22621 (10.0.22621.1778)
Time: Fri Jul 28 15:03:07 2023  Windows 11 , 64 bit Build 22621 (10.0.22621.1778) elapsed time: 1.897138 seconds (0d 0h 0m 1s)

---------------  T H R E A D  ---------------

Current thread (0x000002d033914e50):  JavaThread "main" [_thread_in_vm, id=9252, stack(0x000000e056400000,0x000000e056500000)]

Stack: [0x000000e056400000,0x000000e056500000]
Native frames: (J=compiled Java code, j=interpreted, Vv=VM code, C=native code)
V  [jvm.dll+0x676a4a]
V  [jvm.dll+0x7d74f4]
V  [jvm.dll+0x7d8c9e]
V  [jvm.dll+0x7d9303]
V  [jvm.dll+0x2452c5]
V  [jvm.dll+0x7d35fb]
V  [jvm.dll+0x61ca36]
V  [jvm.dll+0x61ca9a]
V  [jvm.dll+0x61f2bd]
V  [jvm.dll+0x61d3f6]
V  [jvm.dll+0x6270f7]
V  [jvm.dll+0x1e96ad]
V  [jvm.dll+0x1e9c75]
V  [jvm.dll+0x1ea5bb]
V  [jvm.dll+0x1dfdc1]
V  [jvm.dll+0x53cf0c]
V  [jvm.dll+0x1f06da]
V  [jvm.dll+0x75156d]
V  [jvm.dll+0x752953]
V  [jvm.dll+0x4120e5]
C  [java.dll+0x1a55]

Java frames: (J=compiled Java code, j=interpreted, Vv=VM code)
j  java.lang.ClassLoader.findBootstrapClass(Ljava/lang/String;)Ljava/lang/Class;+0 java.base@17.0.7
j  java.lang.ClassLoader.findBootstrapClassOrNull(Ljava/lang/String;)Ljava/lang/Class;+10 java.base@17.0.7
j  java.lang.System$2.findBootstrapClassOrNull(Ljava/lang/String;)Ljava/lang/Class;+1 java.base@17.0.7
j  jdk.internal.loader.ClassLoaders$BootClassLoader.loadClassOrNull(Ljava/lang/String;Z)Ljava/lang/Class;+4 java.base@17.0.7
J 969 c1 jdk.internal.loader.BuiltinClassLoader.loadClassOrNull(Ljava/lang/String;Z)Ljava/lang/Class; java.base@17.0.7 (143 bytes) @ 0x000002d03b46f78c [0x000002d03b46f400+0x000000000000038c]
j  jdk.internal.loader.BuiltinClassLoader.loadClass(Ljava/lang/String;Z)Ljava/lang/Class;+3 java.base@17.0.7
j  jdk.internal.loader.ClassLoaders$AppClassLoader.loadClass(Ljava/lang/String;Z)Ljava/lang/Class;+36 java.base@17.0.7
j  java.lang.ClassLoader.loadClass(Ljava/lang/String;)Ljava/lang/Class;+3 java.base@17.0.7
v  ~StubRoutines::call_stub
j  ch.qos.logback.core.util.CachingDateFormatter.<init>(Ljava/lang/String;Ljava/time/ZoneId;Ljava/util/Locale;)V+70
j  ch.qos.logback.core.util.CachingDateFormatter.<init>(Ljava/lang/String;Ljava/time/ZoneId;)V+4
j  ch.qos.logback.core.util.CachingDateFormatter.<init>(Ljava/lang/String;)V+3
j  ch.qos.logback.classic.layout.TTLLLayout.<init>()V+11
j  ch.qos.logback.classic.BasicConfigurator.configure(Lch/qos/logback/classic/LoggerContext;)Lch/qos/logback/classic/spi/Configurator$ExecutionStatus;+42
j  ch.qos.logback.classic.util.ContextInitializer.fallbackOnToBasicConfigurator()V+21
j  ch.qos.logback.classic.util.ContextInitializer.autoConfig(Ljava/lang/ClassLoader;)V+182
j  ch.qos.logback.classic.util.ContextInitializer.autoConfig()V+6
j  ch.qos.logback.classic.spi.LogbackServiceProvider.initializeLoggerContext()V+11
j  ch.qos.logback.classic.spi.LogbackServiceProvider.initialize()V+21
j  org.slf4j.LoggerFactory.bind()V+37
j  org.slf4j.LoggerFactory.performInitialization()V+0
j  org.slf4j.LoggerFactory.getProvider()Lorg/slf4j/spi/SLF4JServiceProvider;+21
j  org.slf4j.LoggerFactory.getILoggerFactory()Lorg/slf4j/ILoggerFactory;+0
j  org.slf4j.LoggerFactory.getLogger(Ljava/lang/String;)Lorg/slf4j/Logger;+0
j  org.apache.commons.logging.LogAdapter$Slf4jAdapter.createLocationAwareLog(Ljava/lang/String;)Lorg/apache/commons/logging/Log;+1
j  org.apache.commons.logging.LogAdapter$$Lambda$95+0x0000000800cc6188.apply(Ljava/lang/Object;)Ljava/lang/Object;+4
j  org.apache.commons.logging.LogAdapter.createLog(Ljava/lang/String;)Lorg/apache/commons/logging/Log;+4
j  org.apache.commons.logging.LogFactory.getLog(Ljava/lang/String;)Lorg/apache/commons/logging/Log;+1
j  org.apache.commons.logging.LogFactory.getLog(Ljava/lang/Class;)Lorg/apache/commons/logging/Log;+4
j  org.springframework.boot.SpringApplication.<clinit>()V+2
v  ~StubRoutines::call_stub
j  com.example.demo.SemicalorieApplication.main([Ljava/lang/String;)V+3
v  ~StubRoutines::call_stub

---------------  P R O C E S S  ---------------

Threads class SMR info:
_java_thread_list=0x000002d04663d280, length=14, elements={
0x000002d033914e50, 0x000002d0456eaaa0, 0x000002d0456eb650, 0x000002d045701500,
0x000002d045701fc0, 0x000002d045702b70, 0x000002d045706640, 0x000002d04570b8d0,
0x000002d04571bfa0, 0x000002d0456d4950, 0x000002d04575dcb0, 0x000002d04648d7f0,
0x000002d046491cd0, 0x000002d0466117b0
}

Java Threads: ( => current thread )
=>0x000002d033914e50 JavaThread "main" [_thread_in_vm, id=9252, stack(0x000000e056400000,0x000000e056500000)]
  0x000002d0456eaaa0 JavaThread "Reference Handler" daemon [_thread_blocked, id=9284, stack(0x000000e056b00000,0x000000e056c00000)]
  0x000002d0456eb650 JavaThread "Finalizer" daemon [_thread_blocked, id=20040, stack(0x000000e056c00000,0x000000e056d00000)]
  0x000002d045701500 JavaThread "Signal Dispatcher" daemon [_thread_blocked, id=3960, stack(0x000000e056d00000,0x000000e056e00000)]
  0x000002d045701fc0 JavaThread "Attach Listener" daemon [_thread_blocked, id=26248, stack(0x000000e056e00000,0x000000e056f00000)]
  0x000002d045702b70 JavaThread "Service Thread" daemon [_thread_blocked, id=17524, stack(0x000000e056f00000,0x000000e057000000)]
  0x000002d045706640 JavaThread "Monitor Deflation Thread" daemon [_thread_blocked, id=21440, stack(0x000000e057000000,0x000000e057100000)]
  0x000002d04570b8d0 JavaThread "C1 CompilerThread0" daemon [_thread_blocked, id=15552, stack(0x000000e057100000,0x000000e057200000)]
  0x000002d04571bfa0 JavaThread "Sweeper thread" daemon [_thread_blocked, id=23248, stack(0x000000e057200000,0x000000e057300000)]
  0x000002d0456d4950 JavaThread "Common-Cleaner" daemon [_thread_blocked, id=25632, stack(0x000000e057300000,0x000000e057400000)]
  0x000002d04575dcb0 JavaThread "C1 CompilerThread1" daemon [_thread_blocked, id=1480, stack(0x000000e057400000,0x000000e057500000)]
  0x000002d04648d7f0 JavaThread "Monitor Ctrl-Break" daemon [_thread_in_native, id=6688, stack(0x000000e057500000,0x000000e057600000)]
  0x000002d046491cd0 JavaThread "Notification Thread" daemon [_thread_blocked, id=27256, stack(0x000000e057600000,0x000000e057700000)]
  0x000002d0466117b0 JavaThread "RMI TCP Accept-0" daemon [_thread_in_vm, id=12940, stack(0x000000e057700000,0x000000e057800000)]

Other Threads:
  0x000002d0456e6000 VMThread "VM Thread" [stack: 0x000000e056a00000,0x000000e056b00000] [id=13416]
  0x000002d033989090 WatcherThread [stack: 0x000000e057800000,0x000000e057900000] [id=8060]
  0x000002d03396d700 GCTaskThread "GC Thread#0" [stack: 0x000000e056500000,0x000000e056600000] [id=1692]
  0x000002d03397f170 ConcurrentGCThread "G1 Main Marker" [stack: 0x000000e056600000,0x000000e056700000] [id=12992]
  0x000002d033980320 ConcurrentGCThread "G1 Conc#0" [stack: 0x000000e056700000,0x000000e056800000] [id=26636]
  0x000002d0455a34e0 ConcurrentGCThread "G1 Refine#0" [stack: 0x000000e056800000,0x000000e056900000] [id=13072]
  0x000002d0455a3f00 ConcurrentGCThread "G1 Service" [stack: 0x000000e056900000,0x000000e056a00000] [id=9144]

Threads with active compile tasks:

VM state: not at safepoint (normal execution)

VM Mutex/Monitor currently owned by a thread:  ([mutex/lock_event])
[0x000002d0339106e0] Metaspace_lock - owner thread: 0x000002d033914e50

Heap address: 0x0000000083200000, size: 1998 MB, Compressed Oops mode: 32-bit

CDS archive(s) mapped at: [0x0000000800000000-0x0000000800bd0000-0x0000000800bd0000), size 12386304, SharedBaseAddress: 0x0000000800000000, ArchiveRelocationMode: 0.
Compressed class space mapped at: 0x0000000800c00000-0x0000000840c00000, reserved size: 1073741824
Narrow klass base: 0x0000000800000000, Narrow klass shift: 0, Narrow klass range: 0x100000000

GC Precious Log:
 CPUs: 8 total, 8 available
 Memory: 7986M
 Large Page Support: Disabled
 NUMA Support: Disabled
 Compressed Oops: Enabled (32-bit)
 Heap Region Size: 1M
 Heap Min Capacity: 8M
 Heap Initial Capacity: 126M
 Heap Max Capacity: 1998M
 Pre-touch: Disabled
 Parallel Workers: 8
 Concurrent Workers: 2
 Concurrent Refinement Workers: 8
 Periodic GC: Disabled

Heap:
 garbage-first heap   total 129024K, used 17408K [0x0000000083200000, 0x0000000100000000)
  region size 1024K, 17 young (17408K), 0 survivors (0K)
 Metaspace       used 5602K, committed 5760K, reserved 1056768K
  class space    used 672K, committed 768K, reserved 1048576K

Heap Regions: E=young(eden), S=young(survivor), O=old, HS=humongous(starts), HC=humongous(continues), CS=collection set, F=free, OA=open archive, CA=closed archive, TAMS=top-at-mark-start (previous, next)
|   0|0x0000000083200000, 0x0000000083300000, 0x0000000083300000|100%|HS|  |TAMS 0x0000000083200000, 0x0000000083200000| Complete 
|   1|0x0000000083300000, 0x0000000083400000, 0x0000000083400000|100%|HS|  |TAMS 0x0000000083300000, 0x0000000083300000| Complete 
|   2|0x0000000083400000, 0x0000000083400000, 0x0000000083500000|  0%| F|  |TAMS 0x0000000083400000, 0x0000000083400000| Untracked 
|   3|0x0000000083500000, 0x0000000083500000, 0x0000000083600000|  0%| F|  |TAMS 0x0000000083500000, 0x0000000083500000| Untracked 
|   4|0x0000000083600000, 0x0000000083600000, 0x0000000083700000|  0%| F|  |TAMS 0x0000000083600000, 0x0000000083600000| Untracked 
|   5|0x0000000083700000, 0x0000000083700000, 0x0000000083800000|  0%| F|  |TAMS 0x0000000083700000, 0x0000000083700000| Untracked 
|   6|0x0000000083800000, 0x0000000083800000, 0x0000000083900000|  0%| F|  |TAMS 0x0000000083800000, 0x0000000083800000| Untracked 
|   7|0x0000000083900000, 0x0000000083900000, 0x0000000083a00000|  0%| F|  |TAMS 0x0000000083900000, 0x0000000083900000| Untracked 
|   8|0x0000000083a00000, 0x0000000083a00000, 0x0000000083b00000|  0%| F|  |TAMS 0x0000000083a00000, 0x0000000083a00000| Untracked 
|   9|0x0000000083b00000, 0x0000000083b00000, 0x0000000083c00000|  0%| F|  |TAMS 0x0000000083b00000, 0x0000000083b00000| Untracked 
|  10|0x0000000083c00000, 0x0000000083c00000, 0x0000000083d00000|  0%| F|  |TAMS 0x0000000083c00000, 0x0000000083c00000| Untracked 
|  11|0x0000000083d00000, 0x0000000083d00000, 0x0000000083e00000|  0%| F|  |TAMS 0x0000000083d00000, 0x0000000083d00000| Untracked 
|  12|0x0000000083e00000, 0x0000000083e00000, 0x0000000083f00000|  0%| F|  |TAMS 0x0000000083e00000, 0x0000000083e00000| Untracked 
|  13|0x0000000083f00000, 0x0000000083f00000, 0x0000000084000000|  0%| F|  |TAMS 0x0000000083f00000, 0x0000000083f00000| Untracked 
|  14|0x0000000084000000, 0x0000000084000000, 0x0000000084100000|  0%| F|  |TAMS 0x0000000084000000, 0x0000000084000000| Untracked 
|  15|0x0000000084100000, 0x0000000084100000, 0x0000000084200000|  0%| F|  |TAMS 0x0000000084100000, 0x0000000084100000| Untracked 
|  16|0x0000000084200000, 0x0000000084200000, 0x0000000084300000|  0%| F|  |TAMS 0x0000000084200000, 0x0000000084200000| Untracked 
|  17|0x0000000084300000, 0x0000000084300000, 0x0000000084400000|  0%| F|  |TAMS 0x0000000084300000, 0x0000000084300000| Untracked 
|  18|0x0000000084400000, 0x0000000084400000, 0x0000000084500000|  0%| F|  |TAMS 0x0000000084400000, 0x0000000084400000| Untracked 
|  19|0x0000000084500000, 0x0000000084500000, 0x0000000084600000|  0%| F|  |TAMS 0x0000000084500000, 0x0000000084500000| Untracked 
|  20|0x0000000084600000, 0x0000000084600000, 0x0000000084700000|  0%| F|  |TAMS 0x0000000084600000, 0x0000000084600000| Untracked 
|  21|0x0000000084700000, 0x0000000084700000, 0x0000000084800000|  0%| F|  |TAMS 0x0000000084700000, 0x0000000084700000| Untracked 
|  22|0x0000000084800000, 0x0000000084800000, 0x0000000084900000|  0%| F|  |TAMS 0x0000000084800000, 0x0000000084800000| Untracked 
|  23|0x0000000084900000, 0x0000000084900000, 0x0000000084a00000|  0%| F|  |TAMS 0x0000000084900000, 0x0000000084900000| Untracked 
|  24|0x0000000084a00000, 0x0000000084a00000, 0x0000000084b00000|  0%| F|  |TAMS 0x0000000084a00000, 0x0000000084a00000| Untracked 
|  25|0x0000000084b00000, 0x0000000084b00000, 0x0000000084c00000|  0%| F|  |TAMS 0x0000000084b00000, 0x0000000084b00000| Untracked 
|  26|0x0000000084c00000, 0x0000000084c00000, 0x0000000084d00000|  0%| F|  |TAMS 0x0000000084c00000, 0x0000000084c00000| Untracked 
|  27|0x0000000084d00000, 0x0000000084d00000, 0x0000000084e00000|  0%| F|  |TAMS 0x0000000084d00000, 0x0000000084d00000| Untracked 
|  28|0x0000000084e00000, 0x0000000084e00000, 0x0000000084f00000|  0%| F|  |TAMS 0x0000000084e00000, 0x0000000084e00000| Untracked 
|  29|0x0000000084f00000, 0x0000000084f00000, 0x0000000085000000|  0%| F|  |TAMS 0x0000000084f00000, 0x0000000084f00000| Untracked 
|  30|0x0000000085000000, 0x0000000085000000, 0x0000000085100000|  0%| F|  |TAMS 0x0000000085000000, 0x0000000085000000| Untracked 
|  31|0x0000000085100000, 0x0000000085100000, 0x0000000085200000|  0%| F|  |TAMS 0x0000000085100000, 0x0000000085100000| Untracked 
|  32|0x0000000085200000, 0x0000000085200000, 0x0000000085300000|  0%| F|  |TAMS 0x0000000085200000, 0x0000000085200000| Untracked 
|  33|0x0000000085300000, 0x0000000085300000, 0x0000000085400000|  0%| F|  |TAMS 0x0000000085300000, 0x0000000085300000| Untracked 
|  34|0x0000000085400000, 0x0000000085400000, 0x0000000085500000|  0%| F|  |TAMS 0x0000000085400000, 0x0000000085400000| Untracked 
|  35|0x0000000085500000, 0x0000000085500000, 0x0000000085600000|  0%| F|  |TAMS 0x0000000085500000, 0x0000000085500000| Untracked 
|  36|0x0000000085600000, 0x0000000085600000, 0x0000000085700000|  0%| F|  |TAMS 0x0000000085600000, 0x0000000085600000| Untracked 
|  37|0x0000000085700000, 0x0000000085700000, 0x0000000085800000|  0%| F|  |TAMS 0x0000000085700000, 0x0000000085700000| Untracked 
|  38|0x0000000085800000, 0x0000000085800000, 0x0000000085900000|  0%| F|  |TAMS 0x0000000085800000, 0x0000000085800000| Untracked 
|  39|0x0000000085900000, 0x0000000085900000, 0x0000000085a00000|  0%| F|  |TAMS 0x0000000085900000, 0x0000000085900000| Untracked 
|  40|0x0000000085a00000, 0x0000000085a00000, 0x0000000085b00000|  0%| F|  |TAMS 0x0000000085a00000, 0x0000000085a00000| Untracked 
|  41|0x0000000085b00000, 0x0000000085b00000, 0x0000000085c00000|  0%| F|  |TAMS 0x0000000085b00000, 0x0000000085b00000| Untracked 
|  42|0x0000000085c00000, 0x0000000085c00000, 0x0000000085d00000|  0%| F|  |TAMS 0x0000000085c00000, 0x0000000085c00000| Untracked 
|  43|0x0000000085d00000, 0x0000000085d00000, 0x0000000085e00000|  0%| F|  |TAMS 0x0000000085d00000, 0x0000000085d00000| Untracked 
|  44|0x0000000085e00000, 0x0000000085e00000, 0x0000000085f00000|  0%| F|  |TAMS 0x0000000085e00000, 0x0000000085e00000| Untracked 
|  45|0x0000000085f00000, 0x0000000085f00000, 0x0000000086000000|  0%| F|  |TAMS 0x0000000085f00000, 0x0000000085f00000| Untracked 
|  46|0x0000000086000000, 0x0000000086000000, 0x0000000086100000|  0%| F|  |TAMS 0x0000000086000000, 0x0000000086000000| Untracked 
|  47|0x0000000086100000, 0x0000000086100000, 0x0000000086200000|  0%| F|  |TAMS 0x0000000086100000, 0x0000000086100000| Untracked 
|  48|0x0000000086200000, 0x0000000086200000, 0x0000000086300000|  0%| F|  |TAMS 0x0000000086200000, 0x0000000086200000| Untracked 
|  49|0x0000000086300000, 0x0000000086300000, 0x0000000086400000|  0%| F|  |TAMS 0x0000000086300000, 0x0000000086300000| Untracked 
|  50|0x0000000086400000, 0x0000000086400000, 0x0000000086500000|  0%| F|  |TAMS 0x0000000086400000, 0x0000000086400000| Untracked 
|  51|0x0000000086500000, 0x0000000086500000, 0x0000000086600000|  0%| F|  |TAMS 0x0000000086500000, 0x0000000086500000| Untracked 
|  52|0x0000000086600000, 0x0000000086600000, 0x0000000086700000|  0%| F|  |TAMS 0x0000000086600000, 0x0000000086600000| Untracked 
|  53|0x0000000086700000, 0x0000000086700000, 0x0000000086800000|  0%| F|  |TAMS 0x0000000086700000, 0x0000000086700000| Untracked 
|  54|0x0000000086800000, 0x0000000086800000, 0x0000000086900000|  0%| F|  |TAMS 0x0000000086800000, 0x0000000086800000| Untracked 
|  55|0x0000000086900000, 0x0000000086900000, 0x0000000086a00000|  0%| F|  |TAMS 0x0000000086900000, 0x0000000086900000| Untracked 
|  56|0x0000000086a00000, 0x0000000086a00000, 0x0000000086b00000|  0%| F|  |TAMS 0x0000000086a00000, 0x0000000086a00000| Untracked 
|  57|0x0000000086b00000, 0x0000000086b00000, 0x0000000086c00000|  0%| F|  |TAMS 0x0000000086b00000, 0x0000000086b00000| Untracked 
|  58|0x0000000086c00000, 0x0000000086c00000, 0x0000000086d00000|  0%| F|  |TAMS 0x0000000086c00000, 0x0000000086c00000| Untracked 
|  59|0x0000000086d00000, 0x0000000086d00000, 0x0000000086e00000|  0%| F|  |TAMS 0x0000000086d00000, 0x0000000086d00000| Untracked 
|  60|0x0000000086e00000, 0x0000000086e00000, 0x0000000086f00000|  0%| F|  |TAMS 0x0000000086e00000, 0x0000000086e00000| Untracked 
|  61|0x0000000086f00000, 0x0000000086f00000, 0x0000000087000000|  0%| F|  |TAMS 0x0000000086f00000, 0x0000000086f00000| Untracked 
|  62|0x0000000087000000, 0x0000000087000000, 0x0000000087100000|  0%| F|  |TAMS 0x0000000087000000, 0x0000000087000000| Untracked 
|  63|0x0000000087100000, 0x0000000087100000, 0x0000000087200000|  0%| F|  |TAMS 0x0000000087100000, 0x0000000087100000| Untracked 
|  64|0x0000000087200000, 0x0000000087200000, 0x0000000087300000|  0%| F|  |TAMS 0x0000000087200000, 0x0000000087200000| Untracked 
|  65|0x0000000087300000, 0x0000000087300000, 0x0000000087400000|  0%| F|  |TAMS 0x0000000087300000, 0x0000000087300000| Untracked 
|  66|0x0000000087400000, 0x0000000087400000, 0x0000000087500000|  0%| F|  |TAMS 0x0000000087400000, 0x0000000087400000| Untracked 
|  67|0x0000000087500000, 0x0000000087500000, 0x0000000087600000|  0%| F|  |TAMS 0x0000000087500000, 0x0000000087500000| Untracked 
|  68|0x0000000087600000, 0x0000000087600000, 0x0000000087700000|  0%| F|  |TAMS 0x0000000087600000, 0x0000000087600000| Untracked 
|  69|0x0000000087700000, 0x0000000087700000, 0x0000000087800000|  0%| F|  |TAMS 0x0000000087700000, 0x0000000087700000| Untracked 
|  70|0x0000000087800000, 0x0000000087800000, 0x0000000087900000|  0%| F|  |TAMS 0x0000000087800000, 0x0000000087800000| Untracked 
|  71|0x0000000087900000, 0x0000000087900000, 0x0000000087a00000|  0%| F|  |TAMS 0x0000000087900000, 0x0000000087900000| Untracked 
|  72|0x0000000087a00000, 0x0000000087a00000, 0x0000000087b00000|  0%| F|  |TAMS 0x0000000087a00000, 0x0000000087a00000| Untracked 
|  73|0x0000000087b00000, 0x0000000087b00000, 0x0000000087c00000|  0%| F|  |TAMS 0x0000000087b00000, 0x0000000087b00000| Untracked 
|  74|0x0000000087c00000, 0x0000000087c00000, 0x0000000087d00000|  0%| F|  |TAMS 0x0000000087c00000, 0x0000000087c00000| Untracked 
|  75|0x0000000087d00000, 0x0000000087d00000, 0x0000000087e00000|  0%| F|  |TAMS 0x0000000087d00000, 0x0000000087d00000| Untracked 
|  76|0x0000000087e00000, 0x0000000087e00000, 0x0000000087f00000|  0%| F|  |TAMS 0x0000000087e00000, 0x0000000087e00000| Untracked 
|  77|0x0000000087f00000, 0x0000000087f00000, 0x0000000088000000|  0%| F|  |TAMS 0x0000000087f00000, 0x0000000087f00000| Untracked 
|  78|0x0000000088000000, 0x0000000088000000, 0x0000000088100000|  0%| F|  |TAMS 0x0000000088000000, 0x0000000088000000| Untracked 
|  79|0x0000000088100000, 0x0000000088100000, 0x0000000088200000|  0%| F|  |TAMS 0x0000000088100000, 0x0000000088100000| Untracked 
|  80|0x0000000088200000, 0x0000000088200000, 0x0000000088300000|  0%| F|  |TAMS 0x0000000088200000, 0x0000000088200000| Untracked 
|  81|0x0000000088300000, 0x0000000088300000, 0x0000000088400000|  0%| F|  |TAMS 0x0000000088300000, 0x0000000088300000| Untracked 
|  82|0x0000000088400000, 0x0000000088400000, 0x0000000088500000|  0%| F|  |TAMS 0x0000000088400000, 0x0000000088400000| Untracked 
|  83|0x0000000088500000, 0x0000000088500000, 0x0000000088600000|  0%| F|  |TAMS 0x0000000088500000, 0x0000000088500000| Untracked 
|  84|0x0000000088600000, 0x0000000088600000, 0x0000000088700000|  0%| F|  |TAMS 0x0000000088600000, 0x0000000088600000| Untracked 
|  85|0x0000000088700000, 0x0000000088700000, 0x0000000088800000|  0%| F|  |TAMS 0x0000000088700000, 0x0000000088700000| Untracked 
|  86|0x0000000088800000, 0x0000000088800000, 0x0000000088900000|  0%| F|  |TAMS 0x0000000088800000, 0x0000000088800000| Untracked 
|  87|0x0000000088900000, 0x0000000088900000, 0x0000000088a00000|  0%| F|  |TAMS 0x0000000088900000, 0x0000000088900000| Untracked 
|  88|0x0000000088a00000, 0x0000000088a00000, 0x0000000088b00000|  0%| F|  |TAMS 0x0000000088a00000, 0x0000000088a00000| Untracked 
|  89|0x0000000088b00000, 0x0000000088b00000, 0x0000000088c00000|  0%| F|  |TAMS 0x0000000088b00000, 0x0000000088b00000| Untracked 
|  90|0x0000000088c00000, 0x0000000088c00000, 0x0000000088d00000|  0%| F|  |TAMS 0x0000000088c00000, 0x0000000088c00000| Untracked 
|  91|0x0000000088d00000, 0x0000000088d00000, 0x0000000088e00000|  0%| F|  |TAMS 0x0000000088d00000, 0x0000000088d00000| Untracked 
|  92|0x0000000088e00000, 0x0000000088e00000, 0x0000000088f00000|  0%| F|  |TAMS 0x0000000088e00000, 0x0000000088e00000| Untracked 
|  93|0x0000000088f00000, 0x0000000088f00000, 0x0000000089000000|  0%| F|  |TAMS 0x0000000088f00000, 0x0000000088f00000| Untracked 
|  94|0x0000000089000000, 0x0000000089000000, 0x0000000089100000|  0%| F|  |TAMS 0x0000000089000000, 0x0000000089000000| Untracked 
|  95|0x0000000089100000, 0x0000000089100000, 0x0000000089200000|  0%| F|  |TAMS 0x0000000089100000, 0x0000000089100000| Untracked 
|  96|0x0000000089200000, 0x0000000089200000, 0x0000000089300000|  0%| F|  |TAMS 0x0000000089200000, 0x0000000089200000| Untracked 
|  97|0x0000000089300000, 0x0000000089300000, 0x0000000089400000|  0%| F|  |TAMS 0x0000000089300000, 0x0000000089300000| Untracked 
|  98|0x0000000089400000, 0x0000000089400000, 0x0000000089500000|  0%| F|  |TAMS 0x0000000089400000, 0x0000000089400000| Untracked 
|  99|0x0000000089500000, 0x0000000089500000, 0x0000000089600000|  0%| F|  |TAMS 0x0000000089500000, 0x0000000089500000| Untracked 
| 100|0x0000000089600000, 0x0000000089600000, 0x0000000089700000|  0%| F|  |TAMS 0x0000000089600000, 0x0000000089600000| Untracked 
| 101|0x0000000089700000, 0x0000000089700000, 0x0000000089800000|  0%| F|  |TAMS 0x0000000089700000, 0x0000000089700000| Untracked 
| 102|0x0000000089800000, 0x0000000089800000, 0x0000000089900000|  0%| F|  |TAMS 0x0000000089800000, 0x0000000089800000| Untracked 
| 103|0x0000000089900000, 0x0000000089900000, 0x0000000089a00000|  0%| F|  |TAMS 0x0000000089900000, 0x0000000089900000| Untracked 
| 104|0x0000000089a00000, 0x0000000089a00000, 0x0000000089b00000|  0%| F|  |TAMS 0x0000000089a00000, 0x0000000089a00000| Untracked 
| 105|0x0000000089b00000, 0x0000000089b00000, 0x0000000089c00000|  0%| F|  |TAMS 0x0000000089b00000, 0x0000000089b00000| Untracked 
| 106|0x0000000089c00000, 0x0000000089c00000, 0x0000000089d00000|  0%| F|  |TAMS 0x0000000089c00000, 0x0000000089c00000| Untracked 
| 107|0x0000000089d00000, 0x0000000089d00000, 0x0000000089e00000|  0%| F|  |TAMS 0x0000000089d00000, 0x0000000089d00000| Untracked 
| 108|0x0000000089e00000, 0x0000000089e00000, 0x0000000089f00000|  0%| F|  |TAMS 0x0000000089e00000, 0x0000000089e00000| Untracked 
| 109|0x0000000089f00000, 0x0000000089fec148, 0x000000008a000000| 92%| E|  |TAMS 0x0000000089f00000, 0x0000000089f00000| Complete 
| 110|0x000000008a000000, 0x000000008a100000, 0x000000008a100000|100%| E|CS|TAMS 0x000000008a000000, 0x000000008a000000| Complete 
| 111|0x000000008a100000, 0x000000008a200000, 0x000000008a200000|100%| E|CS|TAMS 0x000000008a100000, 0x000000008a100000| Complete 
| 112|0x000000008a200000, 0x000000008a300000, 0x000000008a300000|100%| E|CS|TAMS 0x000000008a200000, 0x000000008a200000| Complete 
| 113|0x000000008a300000, 0x000000008a400000, 0x000000008a400000|100%| E|CS|TAMS 0x000000008a300000, 0x000000008a300000| Complete 
| 114|0x000000008a400000, 0x000000008a500000, 0x000000008a500000|100%| E|CS|TAMS 0x000000008a400000, 0x000000008a400000| Complete 
| 115|0x000000008a500000, 0x000000008a600000, 0x000000008a600000|100%| E|CS|TAMS 0x000000008a500000, 0x000000008a500000| Complete 
| 116|0x000000008a600000, 0x000000008a700000, 0x000000008a700000|100%| E|CS|TAMS 0x000000008a600000, 0x000000008a600000| Complete 
| 117|0x000000008a700000, 0x000000008a800000, 0x000000008a800000|100%| E|CS|TAMS 0x000000008a700000, 0x000000008a700000| Complete 
| 118|0x000000008a800000, 0x000000008a900000, 0x000000008a900000|100%| E|  |TAMS 0x000000008a800000, 0x000000008a800000| Complete 
| 119|0x000000008a900000, 0x000000008aa00000, 0x000000008aa00000|100%| E|CS|TAMS 0x000000008a900000, 0x000000008a900000| Complete 
| 120|0x000000008aa00000, 0x000000008ab00000, 0x000000008ab00000|100%| E|CS|TAMS 0x000000008aa00000, 0x000000008aa00000| Complete 
| 121|0x000000008ab00000, 0x000000008ac00000, 0x000000008ac00000|100%| E|CS|TAMS 0x000000008ab00000, 0x000000008ab00000| Complete 
| 122|0x000000008ac00000, 0x000000008ad00000, 0x000000008ad00000|100%| E|CS|TAMS 0x000000008ac00000, 0x000000008ac00000| Complete 
| 123|0x000000008ad00000, 0x000000008ae00000, 0x000000008ae00000|100%| E|CS|TAMS 0x000000008ad00000, 0x000000008ad00000| Complete 
| 124|0x000000008ae00000, 0x000000008af00000, 0x000000008af00000|100%| E|CS|TAMS 0x000000008ae00000, 0x000000008ae00000| Complete 
| 125|0x000000008af00000, 0x000000008b000000, 0x000000008b000000|100%| E|CS|TAMS 0x000000008af00000, 0x000000008af00000| Complete 

Card table byte_map: [0x000002d03e680000,0x000002d03ea70000] _byte_map_base: 0x000002d03e267000

Marking Bits (Prev, Next): (CMBitMap*) 0x000002d03396dd10, (CMBitMap*) 0x000002d03396dd50
 Prev Bits: [0x000002d03ee60000, 0x000002d040d98000)
 Next Bits: [0x000002d040da0000, 0x000002d042cd8000)

Polling page: 0x000002d031830000

Metaspace:

Usage:
  Non-class:      4.81 MB used.
      Class:    672.97 KB used.
       Both:      5.47 MB used.

Virtual space:
  Non-class space:        8.00 MB reserved,       4.88 MB ( 61%) committed,  1 nodes.
      Class space:        1.00 GB reserved,     768.00 KB ( <1%) committed,  1 nodes.
             Both:        1.01 GB reserved,       5.62 MB ( <1%) committed. 

Chunk freelists:
   Non-Class:  2.34 MB
       Class:  3.17 MB
        Both:  5.51 MB

MaxMetaspaceSize: unlimited
CompressedClassSpaceSize: 1.00 GB
Initial GC threshold: 21.00 MB
Current GC threshold: 21.00 MB
CDS: on
MetaspaceReclaimPolicy: balanced
 - commit_granule_bytes: 65536.
 - commit_granule_words: 8192.
 - virtual_space_node_default_size: 1048576.
 - enlarge_chunks_in_place: 1.
 - new_chunks_are_fully_committed: 0.
 - uncommit_free_chunks: 1.
 - use_allocation_guard: 0.
 - handle_deallocations: 1.


Internal statistics:

num_allocs_failed_limit: 0.
num_arena_births: 82.
num_arena_deaths: 0.
num_vsnodes_births: 2.
num_vsnodes_deaths: 0.
num_space_committed: 90.
num_space_uncommitted: 0.
num_chunks_returned_to_freelist: 0.
num_chunks_taken_from_freelist: 129.
num_chunk_merges: 0.
num_chunk_splits: 80.
num_chunks_enlarged: 48.
num_purges: 0.
num_inconsistent_stats: 0.

CodeCache: size=49152Kb used=3130Kb max_used=3130Kb free=46022Kb
 bounds [0x000002d03b180000, 0x000002d03b490000, 0x000002d03e180000]
 total_blobs=1478 nmethods=1028 adapters=377
 compilation: enabled
              stopped_count=0, restarted_count=0
 full_count=0

Compilation events (20 events):
Event: 1.862 Thread 0x000002d04575dcb0 nmethod 1018 0x000002d03b487790 code [0x000002d03b4879e0, 0x000002d03b488198]
Event: 1.862 Thread 0x000002d04575dcb0 1020   !   1       jdk.internal.loader.URLClassPath$FileLoader::getResource (164 bytes)
Event: 1.862 Thread 0x000002d04570b8d0 nmethod 1019 0x000002d03b488890 code [0x000002d03b488ac0, 0x000002d03b4891d8]
Event: 1.863 Thread 0x000002d04570b8d0 1021       1       java.io.FilterInputStream::<init> (10 bytes)
Event: 1.863 Thread 0x000002d04570b8d0 nmethod 1021 0x000002d03b489610 code [0x000002d03b4897a0, 0x000002d03b4898b8]
Event: 1.864 Thread 0x000002d04575dcb0 nmethod 1020 0x000002d03b489910 code [0x000002d03b489bc0, 0x000002d03b48a4e8]
Event: 1.866 Thread 0x000002d04575dcb0 1022  s    1       java.io.ByteArrayInputStream::read (36 bytes)
Event: 1.866 Thread 0x000002d04575dcb0 nmethod 1022 0x000002d03b48ac10 code [0x000002d03b48ada0, 0x000002d03b48af58]
Event: 1.866 Thread 0x000002d04575dcb0 1023       1       java.io.DataInputStream::readByte (23 bytes)
Event: 1.866 Thread 0x000002d04575dcb0 nmethod 1023 0x000002d03b48b010 code [0x000002d03b48b1c0, 0x000002d03b48b318]
Event: 1.872 Thread 0x000002d04575dcb0 1024       1       java.time.temporal.ValueRange::getMinimum (5 bytes)
Event: 1.872 Thread 0x000002d04575dcb0 nmethod 1024 0x000002d03b48c910 code [0x000002d03b48caa0, 0x000002d03b48cb78]
Event: 1.872 Thread 0x000002d04575dcb0 1025       1       java.time.temporal.ValueRange::getMaximum (5 bytes)
Event: 1.872 Thread 0x000002d04570b8d0 1026       1       java.time.temporal.ChronoField::range (5 bytes)
Event: 1.872 Thread 0x000002d04575dcb0 nmethod 1025 0x000002d03b48cc10 code [0x000002d03b48cda0, 0x000002d03b48ce78]
Event: 1.872 Thread 0x000002d04575dcb0 1027       1       java.time.ZoneOffset::getTotalSeconds (5 bytes)
Event: 1.872 Thread 0x000002d04570b8d0 nmethod 1026 0x000002d03b48cf10 code [0x000002d03b48d0a0, 0x000002d03b48d178]
Event: 1.872 Thread 0x000002d04575dcb0 nmethod 1027 0x000002d03b48d210 code [0x000002d03b48d3a0, 0x000002d03b48d478]
Event: 1.880 Thread 0x000002d04575dcb0 1028       1       java.lang.invoke.AbstractValidatingLambdaMetafactory::isAdaptableTo (126 bytes)
Event: 1.881 Thread 0x000002d04575dcb0 nmethod 1028 0x000002d03b48de10 code [0x000002d03b48e040, 0x000002d03b48e4a8]

GC Heap History (0 events):
No events

Deoptimization events (0 events):
No events

Classes unloaded (0 events):
No events

Classes redefined (0 events):
No events

Internal exceptions (12 events):
Event: 0.718 Thread 0x000002d04648d7f0 Exception <a 'java/lang/NoSuchMethodError'{0x000000008a7da920}: 'java.lang.Object java.lang.invoke.DirectMethodHandle$Holder.invokeStaticInit(java.lang.Object)'> (0x000000008a7da920) 
thrown [s\open\src\hotspot\share\interpreter\linkResolver.cpp, line 759]
Event: 0.734 Thread 0x000002d04648d7f0 Exception <a 'java/lang/NoSuchMethodError'{0x000000008a7e8838}: 'void java.lang.invoke.DirectMethodHandle$Holder.invokeStatic(java.lang.Object, java.lang.Object)'> (0x000000008a7e8838) 
thrown [s\open\src\hotspot\share\interpreter\linkResolver.cpp, line 759]
Event: 0.789 Thread 0x000002d033914e50 Exception <a 'java/lang/NoSuchMethodError'{0x000000008a600e10}: 'int java.lang.invoke.DirectMethodHandle$Holder.invokeInterface(java.lang.Object, java.lang.Object)'> (0x000000008a600e10) 
thrown [s\open\src\hotspot\share\interpreter\linkResolver.cpp, line 759]
Event: 0.790 Thread 0x000002d033914e50 Exception <a 'java/lang/IncompatibleClassChangeError'{0x000000008a604410}: Found class java.lang.Object, but interface was expected> (0x000000008a604410) 
thrown [s\open\src\hotspot\share\interpreter\linkResolver.cpp, line 826]
Event: 0.877 Thread 0x000002d033914e50 Exception <a 'java/lang/NoSuchMethodError'{0x000000008a6cfc10}: 'int java.lang.invoke.DirectMethodHandle$Holder.invokeSpecial(java.lang.Object, java.lang.Object, java.lang.Object)'> (0x000000008a6cfc10) 
thrown [s\open\src\hotspot\share\interpreter\linkResolver.cpp, line 759]
Event: 0.950 Thread 0x000002d033914e50 Exception <a 'java/lang/NoSuchMethodError'{0x000000008a5cad40}: 'void java.lang.invoke.DirectMethodHandle$Holder.invokeStatic(java.lang.Object, java.lang.Object, java.lang.Object)'> (0x000000008a5cad40) 
thrown [s\open\src\hotspot\share\interpreter\linkResolver.cpp, line 759]
Event: 0.970 Thread 0x000002d033914e50 Exception <a 'java/lang/NoSuchMethodError'{0x000000008a407a70}: 'int java.lang.invoke.DirectMethodHandle$Holder.invokeSpecialIFC(java.lang.Object, java.lang.Object, java.lang.Object)'> (0x000000008a407a70) 
thrown [s\open\src\hotspot\share\interpreter\linkResolver.cpp, line 759]
Event: 1.008 Thread 0x000002d033914e50 Exception <a 'java/lang/NoSuchMethodError'{0x000000008a47e7e0}: 'java.lang.Object java.lang.invoke.DirectMethodHandle$Holder.invokeStaticInit(java.lang.Object, int, int, int, int)'> (0x000000008a47e7e0) 
thrown [s\open\src\hotspot\share\interpreter\linkResolver.cpp, line 759]
Event: 1.354 Thread 0x000002d033914e50 Exception <a 'java/lang/NoSuchMethodError'{0x000000008a314be8}: 'java.lang.Object java.lang.invoke.DirectMethodHandle$Holder.invokeStaticInit(java.lang.Object, java.lang.Object, int, int, int, int)'> (0x000000008a314be8) 
thrown [s\open\src\hotspot\share\interpreter\linkResolver.cpp, line 759]
Event: 1.401 Thread 0x000002d033914e50 Exception <a 'java/lang/ClassNotFoundException'{0x000000008a3331f0}: javax/management/remote/rmi/RMIServerImpl_Skel> (0x000000008a3331f0) 
thrown [s\open\src\hotspot\share\classfile\systemDictionary.cpp, line 256]
Event: 1.797 Thread 0x000002d033914e50 Exception <a 'java/lang/ClassNotFoundException'{0x000000008a0fe6a0}: javax/smartcardio/CardPermission> (0x000000008a0fe6a0) 
thrown [s\open\src\hotspot\share\classfile\systemDictionary.cpp, line 256]
Event: 1.805 Thread 0x000002d033914e50 Exception <a 'java/io/FileNotFoundException'{0x0000000089f0ccc8}> (0x0000000089f0ccc8) 
thrown [s\open\src\hotspot\share\prims\jni.cpp, line 516]

VM Operations (16 events):
Event: 0.319 Executing VM operation: HandshakeAllThreads
Event: 0.320 Executing VM operation: HandshakeAllThreads done
Event: 0.715 Executing VM operation: HandshakeAllThreads
Event: 0.716 Executing VM operation: HandshakeAllThreads done
Event: 0.798 Executing VM operation: HandshakeAllThreads
Event: 0.798 Executing VM operation: HandshakeAllThreads done
Event: 0.801 Executing VM operation: HandshakeAllThreads
Event: 0.801 Executing VM operation: HandshakeAllThreads done
Event: 0.990 Executing VM operation: HandshakeAllThreads
Event: 0.990 Executing VM operation: HandshakeAllThreads done
Event: 1.678 Executing VM operation: HandshakeAllThreads
Event: 1.678 Executing VM operation: HandshakeAllThreads done
Event: 1.678 Executing VM operation: Cleanup
Event: 1.678 Executing VM operation: Cleanup done
Event: 1.692 Executing VM operation: HandshakeAllThreads
Event: 1.692 Executing VM operation: HandshakeAllThreads done

Events (20 events):
Event: 1.816 loading class java/util/PropertyPermissionCollection$1 done
Event: 1.817 loading class java/io/FilePermissionCollection
Event: 1.817 loading class java/io/FilePermissionCollection done
Event: 1.817 loading class java/io/FilePermissionCollection$1
Event: 1.817 loading class java/io/FilePermissionCollection$1 done
Event: 1.817 loading class java/security/PermissionsEnumerator
Event: 1.818 loading class java/security/PermissionsEnumerator done
Event: 1.818 loading class java/security/AccessControlException
Event: 1.818 loading class java/security/AccessControlException done
Event: 1.848 loading class java/time/zone/ZoneRulesProvider
Event: 1.849 loading class java/time/zone/ZoneRulesProvider done
Event: 1.849 loading class java/time/zone/ZoneRulesProvider$1
Event: 1.849 loading class java/time/zone/ZoneRulesProvider$1 done
Event: 1.849 loading class java/time/zone/TzdbZoneRulesProvider
Event: 1.850 loading class java/time/zone/TzdbZoneRulesProvider done
Event: 1.862 loading class java/time/zone/Ser
Event: 1.864 loading class java/time/zone/Ser done
Event: 1.866 loading class java/time/zone/ZoneOffsetTransition
Event: 1.867 loading class java/time/zone/ZoneOffsetTransition done
Event: 1.883 loading class java/util/concurrent/atomic/AtomicReference


Dynamic libraries:
0x00007ff7fad70000 - 0x00007ff7fad80000 	C:\Program Files\Java\jdk-17\bin\java.exe
0x00007ff8683f0000 - 0x00007ff868604000 	C:\WINDOWS\SYSTEM32\ntdll.dll
0x00007ff867320000 - 0x00007ff8673e2000 	C:\WINDOWS\System32\KERNEL32.DLL
0x00007ff865820000 - 0x00007ff865bc3000 	C:\WINDOWS\System32\KERNELBASE.dll
0x00007ff865d60000 - 0x00007ff865e71000 	C:\WINDOWS\System32\ucrtbase.dll
0x00007ff82b480000 - 0x00007ff82b499000 	C:\Program Files\Java\jdk-17\bin\jli.dll
0x00007ff82b4a0000 - 0x00007ff82b4bb000 	C:\Program Files\Java\jdk-17\bin\VCRUNTIME140.dll
0x00007ff866c60000 - 0x00007ff866d0e000 	C:\WINDOWS\System32\ADVAPI32.dll
0x00007ff8661d0000 - 0x00007ff866277000 	C:\WINDOWS\System32\msvcrt.dll
0x00007ff867a60000 - 0x00007ff867b04000 	C:\WINDOWS\System32\sechost.dll
0x00007ff8674b0000 - 0x00007ff8675c7000 	C:\WINDOWS\System32\RPCRT4.dll
0x00007ff867030000 - 0x00007ff8671db000 	C:\WINDOWS\System32\USER32.dll
0x00007ff8657f0000 - 0x00007ff865816000 	C:\WINDOWS\System32\win32u.dll
0x00007ff866e20000 - 0x00007ff866e49000 	C:\WINDOWS\System32\GDI32.dll
0x00007ff865c40000 - 0x00007ff865d59000 	C:\WINDOWS\System32\gdi32full.dll
0x00007ff846830000 - 0x00007ff846abe000 	C:\WINDOWS\WinSxS\amd64_microsoft.windows.common-controls_6595b64144ccf1df_6.0.22621.1635_none_270f70857386168e\COMCTL32.dll
0x00007ff866130000 - 0x00007ff8661ca000 	C:\WINDOWS\System32\msvcp_win.dll
0x00007ff85e720000 - 0x00007ff85e72a000 	C:\WINDOWS\SYSTEM32\VERSION.dll
0x00007ff868350000 - 0x00007ff868381000 	C:\WINDOWS\System32\IMM32.DLL
0x00007ff835ee0000 - 0x00007ff835eec000 	C:\Program Files\Java\jdk-17\bin\vcruntime140_1.dll
0x00007ff829c30000 - 0x00007ff829cbe000 	C:\Program Files\Java\jdk-17\bin\msvcp140.dll
0x00007fffd21e0000 - 0x00007fffd2dbd000 	C:\Program Files\Java\jdk-17\bin\server\jvm.dll
0x00007ff8674a0000 - 0x00007ff8674a8000 	C:\WINDOWS\System32\PSAPI.DLL
0x00007ff84aca0000 - 0x00007ff84aca9000 	C:\WINDOWS\SYSTEM32\WSOCK32.dll
0x00007ff866e50000 - 0x00007ff866ec1000 	C:\WINDOWS\System32\WS2_32.dll
0x00007ff85e820000 - 0x00007ff85e854000 	C:\WINDOWS\SYSTEM32\WINMM.dll
0x00007ff864800000 - 0x00007ff864818000 	C:\WINDOWS\SYSTEM32\kernel.appcore.dll
0x00007ff834f70000 - 0x00007ff834f7a000 	C:\Program Files\Java\jdk-17\bin\jimage.dll
0x00007ff8631e0000 - 0x00007ff86340e000 	C:\WINDOWS\SYSTEM32\DBGHELP.DLL
0x00007ff867cd0000 - 0x00007ff868059000 	C:\WINDOWS\System32\combase.dll
0x00007ff867240000 - 0x00007ff867317000 	C:\WINDOWS\System32\OLEAUT32.dll
0x00007ff860be0000 - 0x00007ff860c12000 	C:\WINDOWS\SYSTEM32\dbgcore.DLL
0x00007ff8660b0000 - 0x00007ff86612b000 	C:\WINDOWS\System32\bcryptPrimitives.dll
0x00007ff859c10000 - 0x00007ff859c1e000 	C:\Program Files\Java\jdk-17\bin\instrument.dll
0x00007ff829c00000 - 0x00007ff829c25000 	C:\Program Files\Java\jdk-17\bin\java.dll
0x00007ff823e90000 - 0x00007ff823f67000 	C:\Program Files\Java\jdk-17\bin\jsvml.dll
0x00007ff866460000 - 0x00007ff866c5a000 	C:\WINDOWS\System32\SHELL32.dll
0x00007ff8637a0000 - 0x00007ff86406e000 	C:\WINDOWS\SYSTEM32\windows.storage.dll
0x00007ff863660000 - 0x00007ff86379e000 	C:\WINDOWS\SYSTEM32\wintypes.dll
0x00007ff866280000 - 0x00007ff866371000 	C:\WINDOWS\System32\SHCORE.dll
0x00007ff866380000 - 0x00007ff8663de000 	C:\WINDOWS\System32\shlwapi.dll
0x00007ff865720000 - 0x00007ff865741000 	C:\WINDOWS\SYSTEM32\profapi.dll
0x00007ff823e50000 - 0x00007ff823e68000 	C:\Program Files\Java\jdk-17\bin\zip.dll
0x00007ff829be0000 - 0x00007ff829bf9000 	C:\Program Files\Java\jdk-17\bin\net.dll
0x00007ff860250000 - 0x00007ff860387000 	C:\WINDOWS\SYSTEM32\WINHTTP.dll
0x00007ff864c70000 - 0x00007ff864cd9000 	C:\WINDOWS\system32\mswsock.dll
0x00007ff823e70000 - 0x00007ff823e86000 	C:\Program Files\Java\jdk-17\bin\nio.dll
0x00007ff859f50000 - 0x00007ff859f6a000 	C:\Program Files\JetBrains\IntelliJ IDEA 2022.2.2\bin\breakgen64.dll
0x00007ff864340000 - 0x00007ff864433000 	C:\WINDOWS\SYSTEM32\DNSAPI.dll
0x00007ff8642d0000 - 0x00007ff8642fd000 	C:\WINDOWS\SYSTEM32\IPHLPAPI.DLL
0x00007ff867230000 - 0x00007ff867239000 	C:\WINDOWS\System32\NSI.dll
0x00007ff85e6c0000 - 0x00007ff85e6ca000 	C:\Windows\System32\rasadhlp.dll
0x00007ff858af0000 - 0x00007ff858b74000 	C:\WINDOWS\System32\fwpuclnt.dll
0x00007ff85e560000 - 0x00007ff85e56a000 	C:\Program Files\Java\jdk-17\bin\management.dll
0x00007ff85cc00000 - 0x00007ff85cc0b000 	C:\Program Files\Java\jdk-17\bin\management_ext.dll
0x00007ff864f10000 - 0x00007ff864f2b000 	C:\WINDOWS\SYSTEM32\CRYPTSP.dll
0x00007ff864770000 - 0x00007ff8647a5000 	C:\WINDOWS\system32\rsaenh.dll
0x00007ff864d90000 - 0x00007ff864db8000 	C:\WINDOWS\SYSTEM32\USERENV.dll
0x00007ff8650b0000 - 0x00007ff8650d8000 	C:\WINDOWS\SYSTEM32\bcrypt.dll
0x00007ff864f30000 - 0x00007ff864f3c000 	C:\WINDOWS\SYSTEM32\CRYPTBASE.dll
0x00007ff85f1a0000 - 0x00007ff85f1b9000 	C:\WINDOWS\SYSTEM32\dhcpcsvc6.DLL
0x00007ff85e800000 - 0x00007ff85e81f000 	C:\WINDOWS\SYSTEM32\dhcpcsvc.DLL
0x00007ff855930000 - 0x00007ff855947000 	C:\WINDOWS\system32\napinsp.dll
0x00007ff845e90000 - 0x00007ff845eab000 	C:\WINDOWS\system32\pnrpnsp.dll
0x00007ff843fd0000 - 0x00007ff843fe1000 	C:\WINDOWS\System32\winrnr.dll
0x00007ff843fb0000 - 0x00007ff843fc5000 	C:\WINDOWS\system32\wshbth.dll
0x00007ff843f80000 - 0x00007ff843fa1000 	C:\WINDOWS\system32\nlansp_c.dll

dbghelp: loaded successfully - version: 4.0.5 - missing functions: none
symbol engine: initialized successfully - sym options: 0x614 - pdb path: .;C:\Program Files\Java\jdk-17\bin;C:\WINDOWS\SYSTEM32;C:\WINDOWS\WinSxS\amd64_microsoft.windows.common-controls_6595b64144ccf1df_6.0.22621.1635_none_270f70857386168e;C:\Program Files\Java\jdk-17\bin\server;C:\Program Files\JetBrains\IntelliJ IDEA 2022.2.2\bin

VM Arguments:
jvm_args: -XX:TieredStopAtLevel=1 -Dspring.output.ansi.enabled=always -Dcom.sun.management.jmxremote -Dspring.jmx.enabled=true -Dspring.liveBeansView.mbeanDomain -Dspring.application.admin.enabled=true -javaagent:C:\Program Files\JetBrains\IntelliJ IDEA 2022.2.2\lib\idea_rt.jar=35005:C:\Program Files\JetBrains\IntelliJ IDEA 2022.2.2\bin -Dfile.encoding=UTF-8 
java_command: com.example.demo.SemicalorieApplication
java_class_path (initial): C:\semicalorie\out\production\classes;C:\semicalorie\out\production\resources;C:\Users\82105\.gradle\caches\modules-2\files-2.1\org.projectlombok\lombok\1.18.28\a2ff5da8bcd8b1b26f36b806ced63213362c6dcc\lombok-1.18.28.jar;C:\Users\82105\.gradle\caches\modules-2\files-2.1\org.springframework.boot\spring-boot-starter-web\3.1.1\f2c2d9e35430e4b4a98ad91780bb9b2d1deec08\spring-boot-starter-web-3.1.1.jar;C:\Users\82105\.gradle\caches\modules-2\files-2.1\org.springframework.boot\spring-boot-starter-data-jpa\3.1.1\f129ea070d7d7152c984189301dc751be45f9a38\spring-boot-starter-data-jpa-3.1.1.jar;C:\Users\82105\.gradle\caches\modules-2\files-2.1\org.springframework.cloud\spring-cloud-starter-openfeign\4.0.3\d443065102152b06fac1068c5f2a0d4e54d04e3a\spring-cloud-starter-openfeign-4.0.3.jar;C:\Users\82105\.gradle\caches\modules-2\files-2.1\com.github.gavlyukovskiy\p6spy-spring-boot-starter\1.5.6\495579c7fb01b005f19ec4d5188245c66de0937b\p6spy-spring-boot-starter-1.5.6.jar;C:\Users\82105\.gradle\caches\modules-2\files-2.1\org.springframework.boot\spring-boot-starter-json\3.1.1\8dc99860536a6a858de6caaeb67f84d7af8a30a3\spring-boot-starter-json-3.1.1.jar;C:\Users\82105\.gradle\caches\modules-2\files-2.1\org.springframework.boot\spring-boot-starter\3.1.1\cf74eeaef5a265c75dd89fea829391bf08efdb6c\spring-boot-starter-3.1.1.jar;C:\Users\82105\.gradle\caches\modules-2\files-2.1\org.springframework.boot\spring-boot-starter-tomcat\3.1.1\927f80fb9d8816209420223d1a1a09e730ea78e6\spring-boot-starter-tomcat-3.1.1.jar;C:\Users\82105\.gradle\caches\modules-2\files-2.1\org.springframework\spring-webmvc\6.0.10\af3f040747f4bfbcdb96140f8c9d252d3a6a4ef1\spring-webmvc-6.0.10.jar;C:\Users\82105\.gradle\caches\modules-2\files-2.1\org.springframework\spring-web\6.0.10\e61defa7908bf7a499f000dab8ef7691c2aa75c1\spring-web-6.0.10.jar;C:\Users\82105\.gradle\caches\modules-2\files-2.1\org.springframework.boot\spring-boot-starter-aop\3.1.1\f72362878ded668b8c3a12f8465ced98ef3fb188\spring-b
Launcher Type: SUN_STANDARD

[Global flags]
     intx CICompilerCount                          = 4                                         {product} {ergonomic}
     uint ConcGCThreads                            = 2                                         {product} {ergonomic}
     uint G1ConcRefinementThreads                  = 8                                         {product} {ergonomic}
   size_t G1HeapRegionSize                         = 1048576                                   {product} {ergonomic}
    uintx GCDrainStackTargetSize                   = 64                                        {product} {ergonomic}
   size_t InitialHeapSize                          = 132120576                                 {product} {ergonomic}
     bool ManagementServer                         = true                                      {product} {command line}
   size_t MarkStackSize                            = 4194304                                   {product} {ergonomic}
   size_t MaxHeapSize                              = 2095054848                                {product} {ergonomic}
   size_t MaxNewSize                               = 1256194048                                {product} {ergonomic}
   size_t MinHeapDeltaBytes                        = 1048576                                   {product} {ergonomic}
   size_t MinHeapSize                              = 8388608                                   {product} {ergonomic}
    uintx NonProfiledCodeHeapSize                  = 0                                      {pd product} {ergonomic}
     bool ProfileInterpreter                       = false                                  {pd product} {command line}
    uintx ProfiledCodeHeapSize                     = 0                                      {pd product} {ergonomic}
   size_t SoftMaxHeapSize                          = 2095054848                             {manageable} {ergonomic}
     intx TieredStopAtLevel                        = 1                                         {product} {command line}
     bool UseCompressedClassPointers               = true                           {product lp64_product} {ergonomic}
     bool UseCompressedOops                        = true                           {product lp64_product} {ergonomic}
     bool UseG1GC                                  = true                                      {product} {ergonomic}
     bool UseLargePagesIndividualAllocation        = false                                  {pd product} {ergonomic}

Logging:
Log output configuration:
 #0: stdout all=warning uptime,level,tags
 #1: stderr all=off uptime,level,tags

Environment Variables:
JAVA_HOME=C:\Program Files\Java\jdk-17
CLASSPATH=C:\Program Files\Java\jdk-17\lib
PATH=C:\Program Files\Common Files\Oracle\Java\javapath;C:\oraclexe\app\oracle\product\11.2.0\server\bin;C:\Program Files (x86)\Intel\Intel(R) Management Engine Components\iCLS\;C:\Program Files\Intel\Intel(R) Management Engine Components\iCLS\;C:\WINDOWS\system32;C:\WINDOWS;C:\WINDOWS\System32\Wbem;C:\WINDOWS\System32\WindowsPowerShell\v1.0\;C:\WINDOWS\System32\OpenSSH\;C:\Program Files (x86)\Intel\Intel(R) Management Engine Components\DAL;C:\Program Files\Intel\Intel(R) Management Engine Components\DAL;C:\Program Files (x86)\PuTTY\;C:\Program Files\Java\jdk-17\bin;C:\Program Files\Git\cmd;C:\MinGW\bin;C:\Program Files\nodejs\;C:\Bitnami\wampstack-8.0.5-0\mysql\bin;C:\dev\apache-maven-3.8.5\bin;C:\dev\gradle-7.4\bin;C:\Program Files\PuTTY\;C:\Program Files\Docker\Docker\resources\bin;C:\ProgramData\DockerDesktop\version-bin;%LOCALAPPDATA%\Android\Sdk\platform-tools;C:\Program Files\MySQL\MySQL Shell 8.0\bin\;C:\Users\82105\anaconda3;C:\Users\82105\anaconda3\Library\mingw-w64\bin;C:\Users\82105\anaconda3\Library\usr\bin;C:\Users\82105\anaconda3\Library\bin;C:\Users\82105\anaconda3\Scripts;C:\Python39\Scripts\;C:\Python39\;C:\Users\82105\AppData\Local\Microsoft\WindowsApps;C:\Program Files\Multipass\bin;"C:\Program Files\JetBrains\IntelliJ IDEA Community Edition 2021.3.1\bin;C:\Windows\System32";;C:\Users\82105\AppData\Local\Programs\Microsoft VS Code\bin;C:\Users\82105\AppData\Roaming\npm;C:\Users\82105\AppData\Local\Google\Cloud SDK\google-cloud-sdk\bin;C:\Users\82105\AppData\Local\GitHubDesktop\bin;C:\Program Files (x86)\Nmap
USERNAME=82105
OS=Windows_NT
PROCESSOR_IDENTIFIER=Intel64 Family 6 Model 142 Stepping 12, GenuineIntel



---------------  S Y S T E M  ---------------

OS:
 Windows 11 , 64 bit Build 22621 (10.0.22621.1778)
OS uptime: 7 days 18:38 hours
Hyper-V role detected

CPU: total 8 (initial active 8) (4 cores per cpu, 2 threads per core) family 6 model 142 stepping 12 microcode 0xde, cx8, cmov, fxsr, ht, mmx, 3dnowpref, sse, sse2, sse3, ssse3, sse4.1, sse4.2, popcnt, lzcnt, tsc, tscinvbit, avx, avx2, aes, erms, clmul, bmi1, bmi2, adx, fma, vzeroupper, clflush, clflushopt, hv

Memory: 4k page, system-wide physical 7986M (299M free)
TotalPageFile size 16178M (AvailPageFile size 229M)
current process WorkingSet (physical memory assigned to process): 65M, peak: 65M
current process commit charge ("private bytes"): 217M, peak: 217M

vm_info: Java HotSpot(TM) 64-Bit Server VM (17.0.7+8-LTS-224) for windows-amd64 JRE (17.0.7+8-LTS-224), built on Feb 28 2023 23:03:02 by "mach5one" with MS VC++ 17.1 (VS2022)

END.
